<?xml version="1.0" encoding="UTF-8"?>
<!-- Generated by org.testng.reporters.JUnitReportReporter -->
<testsuite skipped="0" hostname="DESKTOP-R2KE26K" name="tests.UploadFile" tests="1" failures="0" timestamp="2020-11-28T12:08:09 IST" time="4.233" errors="0">
  <testcase name="verifyFileUpload" time="4.233" classname="tests.UploadFile"/>
  <system-out/>
</testsuite> <!-- tests.UploadFile -->
