<?xml version="1.0" encoding="UTF-8"?>
<!-- Generated by org.testng.reporters.JUnitReportReporter -->
<testsuite skipped="0" hostname="DESKTOP-R2KE26K" name="tests.BestBuyApiTests" tests="1" failures="0" timestamp="2020-11-28T10:20:28 IST" time="2.326" errors="0">
  <testcase name="verifyAddProductWithPostRequestWithPojo" time="2.326" classname="tests.BestBuyApiTests"/>
  <system-out/>
</testsuite> <!-- tests.BestBuyApiTests -->
