<?xml version="1.0" encoding="UTF-8"?>
<!-- Generated by org.testng.reporters.JUnitReportReporter -->
<testsuite skipped="0" hostname="DESKTOP-R2KE26K" name="tests.BestBuyApiTests" tests="1" failures="0" timestamp="2020-11-23T17:28:42 IST" time="3.141" errors="0">
  <testcase name="verifyGetProductApiWithParameters" time="3.141" classname="tests.BestBuyApiTests"/>
  <system-out/>
</testsuite> <!-- tests.BestBuyApiTests -->
